Using pre-set license
Built from '2020.3/release' branch; Version is '2020.3.1f1 (77a89f25062f) revision 7841951'; Using compiler version '192528614'; Build Type 'Release'
OS: 'Windows 10 Home; OS build 18363.1316; Version 1909; 64bit' Language: 'en' Physical Memory: 16333 MB
BatchMode: 1, IsHumanControllingUs: 0, StartBugReporterOnCrash: 0, Is64bit: 1, IsPro: 0

 COMMAND LINE ARGUMENTS:
C:\Program Files\Unity\Hub\Editor\2020.3.1f1\Editor\Unity.exe
-adb2
-batchMode
-noUpm
-name
AssetImportWorker0
-projectPath
C:/Users/milos/Documents/GitHub/Racing Game
-logFile
Logs/AssetImportWorker0.log
-srvPort
61456
Successfully changed project path to: C:/Users/milos/Documents/GitHub/Racing Game
C:/Users/milos/Documents/GitHub/Racing Game
Using Asset Import Pipeline V2.
Refreshing native plugins compatible for Editor in 41.71 ms, found 0 plugins.
Preloading 0 native plugins for Editor in 0.00 ms.
Initialize engine version: 2020.3.1f1 (77a89f25062f)
[Subsystems] Discovering subsystems at path C:/Program Files/Unity/Hub/Editor/2020.3.1f1/Editor/Data/Resources/UnitySubsystems
[Subsystems] Discovering subsystems at path C:/Users/milos/Documents/GitHub/Racing Game/Assets
GfxDevice: creating device client; threaded=0
Direct3D:
    Version:  Direct3D 11.0 [level 11.1]
    Renderer: NVIDIA GeForce RTX 2070 (ID=0x1f02)
    Vendor:   
    VRAM:     8031 MB
    Driver:   27.21.14.6172
Initialize mono
Mono path[0] = 'C:/Program Files/Unity/Hub/Editor/2020.3.1f1/Editor/Data/Managed'
Mono path[1] = 'C:/Program Files/Unity/Hub/Editor/2020.3.1f1/Editor/Data/MonoBleedingEdge/lib/mono/unityjit'
Mono config path = 'C:/Program Files/Unity/Hub/Editor/2020.3.1f1/Editor/Data/MonoBleedingEdge/etc'
Using monoOptions --debugger-agent=transport=dt_socket,embedding=1,server=y,suspend=n,address=127.0.0.1:56400
Begin MonoManager ReloadAssembly
Registering precompiled unity dll's ...
Register platform support module: C:/Program Files/Unity/Hub/Editor/2020.3.1f1/Editor/Data/PlaybackEngines/WebGLSupport/UnityEditor.WebGL.Extensions.dll
Register platform support module: C:/Program Files/Unity/Hub/Editor/2020.3.1f1/Editor/Data/PlaybackEngines/WindowsStandaloneSupport/UnityEditor.WindowsStandalone.Extensions.dll
Register platform support module: C:/Program Files/Unity/Hub/Editor/2020.3.1f1/Editor/Data/PlaybackEngines/LinuxStandaloneSupport/UnityEditor.LinuxStandalone.Extensions.dll
Registered in 0.002018 seconds.
Native extension for LinuxStandalone target not found
Native extension for WindowsStandalone target not found
Native extension for WebGL target not found
Refreshing native plugins compatible for Editor in 59.20 ms, found 0 plugins.
Preloading 0 native plugins for Editor in 0.00 ms.
Invoked RoslynAnalysisRunner static constructor.
RoslynAnalysisRunner will not be running.
RoslynAnalysisRunner has terminated.
Mono: successfully reloaded assembly
- Completed reload, in  1.058 seconds
Platform modules already initialized, skipping
Registering precompiled user dll's ...
Registered in 0.001175 seconds.
Begin MonoManager ReloadAssembly
Native extension for LinuxStandalone target not found
Native extension for WindowsStandalone target not found
Native extension for WebGL target not found
Refreshing native plugins compatible for Editor in 42.78 ms, found 0 plugins.
Preloading 0 native plugins for Editor in 0.00 ms.
Invoked RoslynAnalysisRunner static constructor.
RoslynAnalysisRunner will not be running.
RoslynAnalysisRunner has terminated.
Mono: successfully reloaded assembly
- Completed reload, in  0.870 seconds
Platform modules already initialized, skipping
========================================================================
Worker process is ready to serve import requests
Shader 'Universal Render Pipeline/Particles/Lit': fallback shader 'Universal Render Pipeline/Particles/SimpleLit' not found
Shader 'Universal Render Pipeline/Particles/Lit': fallback shader 'Universal Render Pipeline/Particles/SimpleLit' not found
Launched and connected shader compiler UnityShaderCompiler.exe after 0.08 seconds
Refreshing native plugins compatible for Editor in 0.54 ms, found 0 plugins.
Preloading 0 native plugins for Editor in 0.00 ms.
Unloading 2556 Unused Serialized files (Serialized files now loaded: 0)
System memory in use before: 125.7 MB.
System memory in use after: 123.6 MB.

Unloading 42 unused Assets to reduce memory usage. Loaded Objects now: 2973.
Total: 3.466000 ms (FindLiveObjects: 0.371200 ms CreateObjectMapping: 0.070700 ms MarkObjects: 1.896400 ms  DeleteObjects: 1.125900 ms)

========================================================================
Received Import Request.
  path: Assets/Models/Map.blend
  artifactKey: Guid(c785884d404eb1d49a25de83262ee3d6) Importer(815301076,1909f56bfc062723c751e8b465ee728b)
Start importing Assets/Models/Map.blend using Guid(c785884d404eb1d49a25de83262ee3d6) Importer(815301076,1909f56bfc062723c751e8b465ee728b)  -> (artifact id: 'df92f2f565c00420b04ac569173c9b02') in 1.516834 seconds
  Import took 1.546239 seconds .

========================================================================
Received Import Request.
  Time since last request: 258.223105 seconds.
  path: Assets/Models/Map.blend
  artifactKey: Guid(c785884d404eb1d49a25de83262ee3d6) Importer(815301076,1909f56bfc062723c751e8b465ee728b)
Start importing Assets/Models/Map.blend using Guid(c785884d404eb1d49a25de83262ee3d6) Importer(815301076,1909f56bfc062723c751e8b465ee728b)  -> (artifact id: 'ef5b8098d8300c6d0a3426ed3afc8a62') in 1.261029 seconds
  Import took 1.291743 seconds .

========================================================================
Received Import Request.
  Time since last request: 4391.320217 seconds.
  path: Assets/Models/Map.blend
  artifactKey: Guid(c785884d404eb1d49a25de83262ee3d6) Importer(815301076,1909f56bfc062723c751e8b465ee728b)
Start importing Assets/Models/Map.blend using Guid(c785884d404eb1d49a25de83262ee3d6) Importer(815301076,1909f56bfc062723c751e8b465ee728b)  -> (artifact id: '8c293173f41ad35f7360efb49ad99693') in 1.282746 seconds
  Import took 1.342677 seconds .

AssetImportWorkerClient::OnTransportError - code=2 error=End of file
